<?xml version="1.0" encoding="UTF-8"?>
<!-- Generated by org.testng.reporters.JUnitXMLReporter -->
<testsuite hostname="DESKTOP-O8F13LJ" ignored="0" name="Default test" tests="2" failures="0" timestamp="08 Sep 2019 11:01:19 GMT" time="14.31" errors="0">
  <testcase name="runTC001" time="0.798" classname="org.testleaf.leaftaps.testcases.TC001_LoginLogout"/>
  <testcase name="runTC001" time="0.682" classname="org.testleaf.leaftaps.testcases.TC001_LoginLogout"/>
</testsuite> <!-- Default test -->
